C:\USERS\FRIEDRICH\DOCUMENTS\VISUAL STUDIO 2010\PROJECTS\SYSTEMPROGRAMMIERUNG\SYSTEMPROGRAMMIERUNG\DEBUG\TEST.OBJ
C:\USERS\FRIEDRICH\DOCUMENTS\VISUAL STUDIO 2010\PROJECTS\SYSTEMPROGRAMMIERUNG\SYSTEMPROGRAMMIERUNG\DEBUG\VC100.PDB
C:\USERS\FRIEDRICH\DOCUMENTS\VISUAL STUDIO 2010\PROJECTS\SYSTEMPROGRAMMIERUNG\DEBUG\SYSTEMPROGRAMMIERUNG.ILK
C:\USERS\FRIEDRICH\DOCUMENTS\VISUAL STUDIO 2010\PROJECTS\SYSTEMPROGRAMMIERUNG\DEBUG\SYSTEMPROGRAMMIERUNG.EXE
C:\USERS\FRIEDRICH\DOCUMENTS\VISUAL STUDIO 2010\PROJECTS\SYSTEMPROGRAMMIERUNG\SYSTEMPROGRAMMIERUNG\DEBUG\SYSTEMPROGRAMMIERUNG.EXE.INTERMEDIATE.MANIFEST
C:\USERS\FRIEDRICH\DOCUMENTS\VISUAL STUDIO 2010\PROJECTS\SYSTEMPROGRAMMIERUNG\DEBUG\SYSTEMPROGRAMMIERUNG.PDB
C:\USERS\FRIEDRICH\DOCUMENTS\VISUAL STUDIO 2010\PROJECTS\SYSTEMPROGRAMMIERUNG\SYSTEMPROGRAMMIERUNG\DEBUG\SYSTEMPROGRAMMIERUNG.EXE.EMBED.MANIFEST
C:\USERS\FRIEDRICH\DOCUMENTS\VISUAL STUDIO 2010\PROJECTS\SYSTEMPROGRAMMIERUNG\SYSTEMPROGRAMMIERUNG\DEBUG\SYSTEMPROGRAMMIERUNG.EXE.EMBED.MANIFEST.RES
D:\Users\Friedrich\Documents\Visual Studio 2012\Projects\SystemnaheProgrammierung\SystemProgrammierung\Debug\test.obj
D:\Users\Friedrich\Documents\Visual Studio 2012\Projects\SystemnaheProgrammierung\SystemProgrammierung\Debug\cl.command.1.tlog
D:\Users\Friedrich\Documents\Visual Studio 2012\Projects\SystemnaheProgrammierung\SystemProgrammierung\Debug\CL.read.1.tlog
D:\Users\Friedrich\Documents\Visual Studio 2012\Projects\SystemnaheProgrammierung\SystemProgrammierung\Debug\CL.write.1.tlog
D:\Users\Friedrich\Documents\Visual Studio 2012\Projects\SystemnaheProgrammierung\SystemProgrammierung\Debug\link-cvtres.read.1.tlog
D:\Users\Friedrich\Documents\Visual Studio 2012\Projects\SystemnaheProgrammierung\SystemProgrammierung\Debug\link-cvtres.write.1.tlog
D:\Users\Friedrich\Documents\Visual Studio 2012\Projects\SystemnaheProgrammierung\SystemProgrammierung\Debug\link.5356-cvtres.read.1.tlog
D:\Users\Friedrich\Documents\Visual Studio 2012\Projects\SystemnaheProgrammierung\SystemProgrammierung\Debug\link.5356-cvtres.write.1.tlog
D:\Users\Friedrich\Documents\Visual Studio 2012\Projects\SystemnaheProgrammierung\SystemProgrammierung\Debug\link.5356.read.1.tlog
D:\Users\Friedrich\Documents\Visual Studio 2012\Projects\SystemnaheProgrammierung\SystemProgrammierung\Debug\link.5356.write.1.tlog
D:\Users\Friedrich\Documents\Visual Studio 2012\Projects\SystemnaheProgrammierung\SystemProgrammierung\Debug\link.command.1.tlog
D:\Users\Friedrich\Documents\Visual Studio 2012\Projects\SystemnaheProgrammierung\SystemProgrammierung\Debug\link.read.1.tlog
D:\Users\Friedrich\Documents\Visual Studio 2012\Projects\SystemnaheProgrammierung\SystemProgrammierung\Debug\link.write.1.tlog
D:\Users\Friedrich\Documents\Visual Studio 2012\Projects\SystemnaheProgrammierung\SystemProgrammierung\Debug\mt.command.1.tlog
D:\Users\Friedrich\Documents\Visual Studio 2012\Projects\SystemnaheProgrammierung\SystemProgrammierung\Debug\mt.read.1.tlog
D:\Users\Friedrich\Documents\Visual Studio 2012\Projects\SystemnaheProgrammierung\SystemProgrammierung\Debug\mt.write.1.tlog
D:\Users\Friedrich\Documents\Visual Studio 2012\Projects\SystemnaheProgrammierung\SystemProgrammierung\Debug\rc.command.1.tlog
D:\Users\Friedrich\Documents\Visual Studio 2012\Projects\SystemnaheProgrammierung\SystemProgrammierung\Debug\rc.read.1.tlog
D:\Users\Friedrich\Documents\Visual Studio 2012\Projects\SystemnaheProgrammierung\SystemProgrammierung\Debug\rc.write.1.tlog
D:\Users\Friedrich\Documents\Visual Studio 2012\Projects\SystemnaheProgrammierung\SystemProgrammierung\Debug\SystemProgrammierung.exe.embed.manifest
D:\Users\Friedrich\Documents\Visual Studio 2012\Projects\SystemnaheProgrammierung\SystemProgrammierung\Debug\SystemProgrammierung.exe.intermediate.manifest
D:\Users\Friedrich\Documents\Visual Studio 2012\Projects\SystemnaheProgrammierung\SystemProgrammierung\Debug\SystemProgrammierung.exe.embed.manifest.res
D:\Users\Friedrich\Documents\Visual Studio 2012\Projects\SystemnaheProgrammierung\SystemProgrammierung\Debug\vc100.idb
D:\Users\Friedrich\Documents\Visual Studio 2012\Projects\SystemnaheProgrammierung\SystemProgrammierung\Debug\vc100.pdb
D:\Users\Friedrich\Documents\Visual Studio 2012\Projects\SystemnaheProgrammierung\SystemProgrammierung\Debug\SystemProgrammierung_manifest.rc
D:\Users\Friedrich\Documents\Visual Studio 2012\Projects\SystemnaheProgrammierung\Debug\SystemProgrammierung.pdb
D:\Users\Friedrich\Documents\Visual Studio 2012\Projects\SystemnaheProgrammierung\Debug\SystemProgrammierung.exe
D:\Users\Friedrich\Documents\Visual Studio 2012\Projects\SystemnaheProgrammierung\Debug\SystemProgrammierung.ilk
