Der Buildvorgang wurde am 17.04.2013 17:41:16 gestartet.
     1>Projekt "C:\Users\Friedrich\documents\visual studio 2010\Projects\SystemProgrammierung\SystemProgrammierung\SystemProgrammierung.vcxproj" auf Knoten "3", rebuild Ziel(e).
     1>_PrepareForClean:
         Die Datei "Debug\SystemProgrammierung.lastbuildstate" wird gelöscht.
       InitializeBuildStatus:
         "Debug\SystemProgrammierung.unsuccessfulbuild" wird erstellt, da "AlwaysCreate" angegeben wurde.
       ClCompile:
         c:\Program Files (x86)\Microsoft Visual Studio 10.0\VC\bin\CL.exe /c /ZI /nologo /W3 /WX- /Od /Oy- /D WIN32 /D _DEBUG /D _CONSOLE /D _UNICODE /D UNICODE /Gm /EHsc /RTC1 /MDd /GS /fp:precise /Zc:wchar_t /Zc:forScope /Fo"Debug\\" /Fd"Debug\vc100.pdb" /Gd /TC /analyze- /errorReport:prompt test.c
         test.c
       ManifestResourceCompile:
         c:\Program Files (x86)\Microsoft SDKs\Windows\v7.0A\bin\rc.exe /nologo /fo"Debug\SystemProgrammierung.exe.embed.manifest.res" Debug\SystemProgrammierung_manifest.rc 
       Link:
         c:\Program Files (x86)\Microsoft Visual Studio 10.0\VC\bin\link.exe /ERRORREPORT:PROMPT /OUT:"C:\Users\Friedrich\documents\visual studio 2010\Projects\SystemProgrammierung\Debug\SystemProgrammierung.exe" /INCREMENTAL /NOLOGO kernel32.lib user32.lib gdi32.lib winspool.lib comdlg32.lib advapi32.lib shell32.lib ole32.lib oleaut32.lib uuid.lib odbc32.lib odbccp32.lib /MANIFEST /ManifestFile:"Debug\SystemProgrammierung.exe.intermediate.manifest" /MANIFESTUAC:"level='asInvoker' uiAccess='false'" /DEBUG /PDB:"C:\Users\Friedrich\documents\visual studio 2010\Projects\SystemProgrammierung\Debug\SystemProgrammierung.pdb" /SUBSYSTEM:CONSOLE /TLBID:1 /DYNAMICBASE /NXCOMPAT /IMPLIB:"C:\Users\Friedrich\documents\visual studio 2010\Projects\SystemProgrammierung\Debug\SystemProgrammierung.lib" /MACHINE:X86 Debug\SystemProgrammierung.exe.embed.manifest.res
         Debug\test.obj
       Manifest:
         Die Datei "Debug\SystemProgrammierung.exe.embed.manifest" wird gelöscht.
         c:\Program Files (x86)\Microsoft SDKs\Windows\v7.0A\bin\mt.exe /nologo /verbose /out:"Debug\SystemProgrammierung.exe.embed.manifest" /manifest Debug\SystemProgrammierung.exe.intermediate.manifest
         c:\Program Files (x86)\Microsoft SDKs\Windows\v7.0A\bin\rc.exe /nologo /fo"Debug\SystemProgrammierung.exe.embed.manifest.res" Debug\SystemProgrammierung_manifest.rc 
       LinkEmbedManifest:
         c:\Program Files (x86)\Microsoft Visual Studio 10.0\VC\bin\link.exe /ERRORREPORT:PROMPT /OUT:"C:\Users\Friedrich\documents\visual studio 2010\Projects\SystemProgrammierung\Debug\SystemProgrammierung.exe" /INCREMENTAL /NOLOGO kernel32.lib user32.lib gdi32.lib winspool.lib comdlg32.lib advapi32.lib shell32.lib ole32.lib oleaut32.lib uuid.lib odbc32.lib odbccp32.lib /MANIFEST /ManifestFile:"Debug\SystemProgrammierung.exe.intermediate.manifest" /MANIFESTUAC:"level='asInvoker' uiAccess='false'" /DEBUG /PDB:"C:\Users\Friedrich\documents\visual studio 2010\Projects\SystemProgrammierung\Debug\SystemProgrammierung.pdb" /SUBSYSTEM:CONSOLE /TLBID:1 /DYNAMICBASE /NXCOMPAT /IMPLIB:"C:\Users\Friedrich\documents\visual studio 2010\Projects\SystemProgrammierung\Debug\SystemProgrammierung.lib" /MACHINE:X86 Debug\SystemProgrammierung.exe.embed.manifest.res
         Debug\test.obj
         SystemProgrammierung.vcxproj -> C:\Users\Friedrich\documents\visual studio 2010\Projects\SystemProgrammierung\Debug\SystemProgrammierung.exe
       FinalizeBuildStatus:
         Die Datei "Debug\SystemProgrammierung.unsuccessfulbuild" wird gelöscht.
         Aktualisieren des Timestamps von "Debug\SystemProgrammierung.lastbuildstate".
     1>Die Erstellung des Projekts "C:\Users\Friedrich\documents\visual studio 2010\Projects\SystemProgrammierung\SystemProgrammierung\SystemProgrammierung.vcxproj" ist abgeschlossen, rebuild Ziel(e).

Das Erstellen war erfolgreich.

Verstrichene Zeit 00:00:01.22
