C:\USERS\FRIEDRICH\DOCUMENTS\VISUAL STUDIO 2010\PROJECTS\SYSTEMPROGRAMMIERUNG\POINTER\DEBUG\VC100.PDB
C:\USERS\FRIEDRICH\DOCUMENTS\VISUAL STUDIO 2010\PROJECTS\SYSTEMPROGRAMMIERUNG\POINTER\DEBUG\POINTER.OBJ
C:\USERS\FRIEDRICH\DOCUMENTS\VISUAL STUDIO 2010\PROJECTS\SYSTEMPROGRAMMIERUNG\DEBUG\POINTER.ILK
C:\USERS\FRIEDRICH\DOCUMENTS\VISUAL STUDIO 2010\PROJECTS\SYSTEMPROGRAMMIERUNG\DEBUG\POINTER.EXE
C:\USERS\FRIEDRICH\DOCUMENTS\VISUAL STUDIO 2010\PROJECTS\SYSTEMPROGRAMMIERUNG\POINTER\DEBUG\POINTER.EXE.INTERMEDIATE.MANIFEST
C:\USERS\FRIEDRICH\DOCUMENTS\VISUAL STUDIO 2010\PROJECTS\SYSTEMPROGRAMMIERUNG\DEBUG\POINTER.PDB
C:\USERS\FRIEDRICH\DOCUMENTS\VISUAL STUDIO 2010\PROJECTS\SYSTEMPROGRAMMIERUNG\POINTER\DEBUG\POINTER.EXE.EMBED.MANIFEST
C:\USERS\FRIEDRICH\DOCUMENTS\VISUAL STUDIO 2010\PROJECTS\SYSTEMPROGRAMMIERUNG\POINTER\DEBUG\POINTER.EXE.EMBED.MANIFEST.RES
D:\Users\Friedrich\Documents\Visual Studio 2012\Projects\SystemnaheProgrammierung\Pointer\Debug\pointer.obj
D:\Users\Friedrich\Documents\Visual Studio 2012\Projects\SystemnaheProgrammierung\Pointer\Debug\cl.command.1.tlog
D:\Users\Friedrich\Documents\Visual Studio 2012\Projects\SystemnaheProgrammierung\Pointer\Debug\CL.read.1.tlog
D:\Users\Friedrich\Documents\Visual Studio 2012\Projects\SystemnaheProgrammierung\Pointer\Debug\CL.write.1.tlog
D:\Users\Friedrich\Documents\Visual Studio 2012\Projects\SystemnaheProgrammierung\Pointer\Debug\link-cvtres.read.1.tlog
D:\Users\Friedrich\Documents\Visual Studio 2012\Projects\SystemnaheProgrammierung\Pointer\Debug\link-cvtres.write.1.tlog
D:\Users\Friedrich\Documents\Visual Studio 2012\Projects\SystemnaheProgrammierung\Pointer\Debug\link.4468-cvtres.read.1.tlog
D:\Users\Friedrich\Documents\Visual Studio 2012\Projects\SystemnaheProgrammierung\Pointer\Debug\link.4468-cvtres.write.1.tlog
D:\Users\Friedrich\Documents\Visual Studio 2012\Projects\SystemnaheProgrammierung\Pointer\Debug\link.4468.read.1.tlog
D:\Users\Friedrich\Documents\Visual Studio 2012\Projects\SystemnaheProgrammierung\Pointer\Debug\link.4468.write.1.tlog
D:\Users\Friedrich\Documents\Visual Studio 2012\Projects\SystemnaheProgrammierung\Pointer\Debug\link.command.1.tlog
D:\Users\Friedrich\Documents\Visual Studio 2012\Projects\SystemnaheProgrammierung\Pointer\Debug\link.read.1.tlog
D:\Users\Friedrich\Documents\Visual Studio 2012\Projects\SystemnaheProgrammierung\Pointer\Debug\link.write.1.tlog
D:\Users\Friedrich\Documents\Visual Studio 2012\Projects\SystemnaheProgrammierung\Pointer\Debug\mt.command.1.tlog
D:\Users\Friedrich\Documents\Visual Studio 2012\Projects\SystemnaheProgrammierung\Pointer\Debug\mt.read.1.tlog
D:\Users\Friedrich\Documents\Visual Studio 2012\Projects\SystemnaheProgrammierung\Pointer\Debug\mt.write.1.tlog
D:\Users\Friedrich\Documents\Visual Studio 2012\Projects\SystemnaheProgrammierung\Pointer\Debug\rc.command.1.tlog
D:\Users\Friedrich\Documents\Visual Studio 2012\Projects\SystemnaheProgrammierung\Pointer\Debug\rc.read.1.tlog
D:\Users\Friedrich\Documents\Visual Studio 2012\Projects\SystemnaheProgrammierung\Pointer\Debug\rc.write.1.tlog
D:\Users\Friedrich\Documents\Visual Studio 2012\Projects\SystemnaheProgrammierung\Pointer\Debug\Pointer.exe.embed.manifest
D:\Users\Friedrich\Documents\Visual Studio 2012\Projects\SystemnaheProgrammierung\Pointer\Debug\Pointer.exe.intermediate.manifest
D:\Users\Friedrich\Documents\Visual Studio 2012\Projects\SystemnaheProgrammierung\Pointer\Debug\Pointer.exe.embed.manifest.res
D:\Users\Friedrich\Documents\Visual Studio 2012\Projects\SystemnaheProgrammierung\Pointer\Debug\vc100.idb
D:\Users\Friedrich\Documents\Visual Studio 2012\Projects\SystemnaheProgrammierung\Pointer\Debug\vc100.pdb
D:\Users\Friedrich\Documents\Visual Studio 2012\Projects\SystemnaheProgrammierung\Pointer\Debug\Pointer_manifest.rc
D:\Users\Friedrich\Documents\Visual Studio 2012\Projects\SystemnaheProgrammierung\Debug\Pointer.pdb
D:\Users\Friedrich\Documents\Visual Studio 2012\Projects\SystemnaheProgrammierung\Debug\Pointer.exe
D:\Users\Friedrich\Documents\Visual Studio 2012\Projects\SystemnaheProgrammierung\Debug\Pointer.ilk
