D:\USERS\FRIEDRICH\DOCUMENTS\VISUAL STUDIO 2012\PROJECTS\SYSTEMNAHEPROGRAMMIERUNG\BEISPIEL_1\DEBUG\FAKULTAET.OBJ
D:\USERS\FRIEDRICH\DOCUMENTS\VISUAL STUDIO 2012\PROJECTS\SYSTEMNAHEPROGRAMMIERUNG\BEISPIEL_1\DEBUG\VC110.PDB
D:\USERS\FRIEDRICH\DOCUMENTS\VISUAL STUDIO 2012\PROJECTS\SYSTEMNAHEPROGRAMMIERUNG\DEBUG\BEISPIEL_1.ILK
D:\USERS\FRIEDRICH\DOCUMENTS\VISUAL STUDIO 2012\PROJECTS\SYSTEMNAHEPROGRAMMIERUNG\DEBUG\BEISPIEL_1.EXE
D:\USERS\FRIEDRICH\DOCUMENTS\VISUAL STUDIO 2012\PROJECTS\SYSTEMNAHEPROGRAMMIERUNG\DEBUG\BEISPIEL_1.PDB
D:\Users\Friedrich\Documents\Visual Studio 2012\Projects\SystemnaheProgrammierung\Beispiel_1\Debug\fakultaet.obj
D:\Users\Friedrich\Documents\Visual Studio 2012\Projects\SystemnaheProgrammierung\Beispiel_1\Debug\cl.command.1.tlog
D:\Users\Friedrich\Documents\Visual Studio 2012\Projects\SystemnaheProgrammierung\Beispiel_1\Debug\CL.read.1.tlog
D:\Users\Friedrich\Documents\Visual Studio 2012\Projects\SystemnaheProgrammierung\Beispiel_1\Debug\CL.write.1.tlog
D:\Users\Friedrich\Documents\Visual Studio 2012\Projects\SystemnaheProgrammierung\Beispiel_1\Debug\link-cvtres.read.1.tlog
D:\Users\Friedrich\Documents\Visual Studio 2012\Projects\SystemnaheProgrammierung\Beispiel_1\Debug\link-cvtres.write.1.tlog
D:\Users\Friedrich\Documents\Visual Studio 2012\Projects\SystemnaheProgrammierung\Beispiel_1\Debug\link-rc.read.1.tlog
D:\Users\Friedrich\Documents\Visual Studio 2012\Projects\SystemnaheProgrammierung\Beispiel_1\Debug\link-rc.write.1.tlog
D:\Users\Friedrich\Documents\Visual Studio 2012\Projects\SystemnaheProgrammierung\Beispiel_1\Debug\link.command.1.tlog
D:\Users\Friedrich\Documents\Visual Studio 2012\Projects\SystemnaheProgrammierung\Beispiel_1\Debug\link.read.1.tlog
D:\Users\Friedrich\Documents\Visual Studio 2012\Projects\SystemnaheProgrammierung\Beispiel_1\Debug\link.write.1.tlog
D:\Users\Friedrich\Documents\Visual Studio 2012\Projects\SystemnaheProgrammierung\Beispiel_1\Debug\vc110.idb
D:\Users\Friedrich\Documents\Visual Studio 2012\Projects\SystemnaheProgrammierung\Beispiel_1\Debug\vc110.pdb
D:\Users\Friedrich\Documents\Visual Studio 2012\Projects\SystemnaheProgrammierung\Debug\Beispiel_1.pdb
D:\Users\Friedrich\Documents\Visual Studio 2012\Projects\SystemnaheProgrammierung\Debug\Beispiel_1.exe
D:\Users\Friedrich\Documents\Visual Studio 2012\Projects\SystemnaheProgrammierung\Debug\Beispiel_1.ilk
