C:\USERS\FRIEDRICH\DOCUMENTS\VISUAL STUDIO 2010\PROJECTS\SYSTEMPROGRAMMIERUNG\DEBUG\ÜBUNG_3.EXE
C:\USERS\FRIEDRICH\DOCUMENTS\VISUAL STUDIO 2010\PROJECTS\SYSTEMPROGRAMMIERUNG\DEBUG\ÜBUNG_3.ILK
C:\USERS\FRIEDRICH\DOCUMENTS\VISUAL STUDIO 2010\PROJECTS\SYSTEMPROGRAMMIERUNG\DEBUG\ÜBUNG_3.PDB
C:\Users\Friedrich\documents\visual studio 2010\Projects\SystemProgrammierung\Übung_3\Debug\cl.command.1.tlog
C:\Users\Friedrich\documents\visual studio 2010\Projects\SystemProgrammierung\Übung_3\Debug\CL.read.1.tlog
C:\Users\Friedrich\documents\visual studio 2010\Projects\SystemProgrammierung\Übung_3\Debug\CL.write.1.tlog
C:\Users\Friedrich\documents\visual studio 2010\Projects\SystemProgrammierung\Übung_3\Debug\link.2108.read.1.tlog
C:\Users\Friedrich\documents\visual studio 2010\Projects\SystemProgrammierung\Übung_3\Debug\link.2108.write.1.tlog
C:\Users\Friedrich\documents\visual studio 2010\Projects\SystemProgrammierung\Übung_3\Debug\link.2108-cvtres.read.1.tlog
C:\Users\Friedrich\documents\visual studio 2010\Projects\SystemProgrammierung\Übung_3\Debug\link.2108-cvtres.write.1.tlog
C:\Users\Friedrich\documents\visual studio 2010\Projects\SystemProgrammierung\Übung_3\Debug\link.command.1.tlog
C:\Users\Friedrich\documents\visual studio 2010\Projects\SystemProgrammierung\Übung_3\Debug\link.read.1.tlog
C:\Users\Friedrich\documents\visual studio 2010\Projects\SystemProgrammierung\Übung_3\Debug\link.write.1.tlog
C:\Users\Friedrich\documents\visual studio 2010\Projects\SystemProgrammierung\Übung_3\Debug\link-cvtres.read.1.tlog
C:\Users\Friedrich\documents\visual studio 2010\Projects\SystemProgrammierung\Übung_3\Debug\link-cvtres.write.1.tlog
C:\USERS\FRIEDRICH\DOCUMENTS\VISUAL STUDIO 2010\PROJECTS\SYSTEMPROGRAMMIERUNG\ÜBUNG_3\DEBUG\MAIN.OBJ
C:\Users\Friedrich\documents\visual studio 2010\Projects\SystemProgrammierung\Übung_3\Debug\mt.command.1.tlog
C:\Users\Friedrich\documents\visual studio 2010\Projects\SystemProgrammierung\Übung_3\Debug\mt.read.1.tlog
C:\Users\Friedrich\documents\visual studio 2010\Projects\SystemProgrammierung\Übung_3\Debug\mt.write.1.tlog
C:\Users\Friedrich\documents\visual studio 2010\Projects\SystemProgrammierung\Übung_3\Debug\rc.command.1.tlog
C:\Users\Friedrich\documents\visual studio 2010\Projects\SystemProgrammierung\Übung_3\Debug\rc.read.1.tlog
C:\Users\Friedrich\documents\visual studio 2010\Projects\SystemProgrammierung\Übung_3\Debug\rc.write.1.tlog
C:\USERS\FRIEDRICH\DOCUMENTS\VISUAL STUDIO 2010\PROJECTS\SYSTEMPROGRAMMIERUNG\ÜBUNG_3\DEBUG\ÜBUNG_3.EXE.EMBED.MANIFEST
C:\USERS\FRIEDRICH\DOCUMENTS\VISUAL STUDIO 2010\PROJECTS\SYSTEMPROGRAMMIERUNG\ÜBUNG_3\DEBUG\ÜBUNG_3.EXE.EMBED.MANIFEST.RES
C:\USERS\FRIEDRICH\DOCUMENTS\VISUAL STUDIO 2010\PROJECTS\SYSTEMPROGRAMMIERUNG\ÜBUNG_3\DEBUG\ÜBUNG_3.EXE.INTERMEDIATE.MANIFEST
C:\Users\Friedrich\documents\visual studio 2010\Projects\SystemProgrammierung\Übung_3\Debug\Übung_3_manifest.rc
C:\Users\Friedrich\documents\visual studio 2010\Projects\SystemProgrammierung\Übung_3\Debug\vc100.idb
C:\USERS\FRIEDRICH\DOCUMENTS\VISUAL STUDIO 2010\PROJECTS\SYSTEMPROGRAMMIERUNG\ÜBUNG_3\DEBUG\VC100.PDB
