Der Buildvorgang wurde am 10.05.2013 21:24:03 gestartet.
     1>Projekt "C:\Users\Friedrich\documents\visual studio 2010\Projects\SystemProgrammierung\Übung_3\Übung_3.vcxproj" auf Knoten "2", build Ziel(e).
     1>InitializeBuildStatus:
         "Debug\Übung_3.unsuccessfulbuild" wird erstellt, da "AlwaysCreate" angegeben wurde.
       ClCompile:
         c:\Program Files (x86)\Microsoft Visual Studio 10.0\VC\bin\CL.exe /c /ZI /nologo /W3 /WX- /Od /Oy- /D WIN32 /D _DEBUG /D _CONSOLE /D _UNICODE /D UNICODE /Gm /EHsc /RTC1 /MDd /GS /fp:precise /Zc:wchar_t /Zc:forScope /Fo"Debug\\" /Fd"Debug\vc100.pdb" /Gd /TC /analyze- /errorReport:prompt main.c
         main.c
       ManifestResourceCompile:
         Alle Ausgaben sind aktuell.
       Link:
         c:\Program Files (x86)\Microsoft Visual Studio 10.0\VC\bin\link.exe /ERRORREPORT:PROMPT /OUT:"C:\Users\Friedrich\documents\visual studio 2010\Projects\SystemProgrammierung\Debug\Übung_3.exe" /INCREMENTAL /NOLOGO kernel32.lib user32.lib gdi32.lib winspool.lib comdlg32.lib advapi32.lib shell32.lib ole32.lib oleaut32.lib uuid.lib odbc32.lib odbccp32.lib /MANIFEST /ManifestFile:"Debug\Übung_3.exe.intermediate.manifest" /MANIFESTUAC:"level='asInvoker' uiAccess='false'" /DEBUG /PDB:"C:\Users\Friedrich\documents\visual studio 2010\Projects\SystemProgrammierung\Debug\Übung_3.pdb" /SUBSYSTEM:CONSOLE /TLBID:1 /DYNAMICBASE /NXCOMPAT /IMPLIB:"C:\Users\Friedrich\documents\visual studio 2010\Projects\SystemProgrammierung\Debug\Übung_3.lib" /MACHINE:X86 "Debug\Übung_3.exe.embed.manifest.res"
         Debug\main.obj
       Manifest:
         c:\Program Files (x86)\Microsoft SDKs\Windows\v7.0A\bin\mt.exe /nologo /verbose /out:"Debug\Übung_3.exe.embed.manifest" /manifest "Debug\Übung_3.exe.intermediate.manifest"
         Alle Ausgaben sind aktuell.
       LinkEmbedManifest:
         Alle Ausgaben sind aktuell.
         Übung_3.vcxproj -> C:\Users\Friedrich\documents\visual studio 2010\Projects\SystemProgrammierung\Debug\Übung_3.exe
       FinalizeBuildStatus:
         Die Datei "Debug\Übung_3.unsuccessfulbuild" wird gelöscht.
         Aktualisieren des Timestamps von "Debug\Übung_3.lastbuildstate".
     1>Die Erstellung des Projekts "C:\Users\Friedrich\documents\visual studio 2010\Projects\SystemProgrammierung\Übung_3\Übung_3.vcxproj" ist abgeschlossen, build Ziel(e).

Das Erstellen war erfolgreich.

Verstrichene Zeit 00:00:01.35
